
        Time: 2024-08-28T14:44:17.791Z
        Method: POST
        URL: /api/dashboard
        Headers: {"authorization":"eyJhbGciOiJIUzI1NiIsInR5cCI6IkpXVCJ9.eyJVSUQiOjEsInJvbGVzIjpbMV0sImlhdCI6MTcyNDg1NTQ0MywiZXhwIjoxNzI0ODU5MDQzfQ.OIpZSy4lYSRcbc3Yn8D_naEElD4pRCYfIZ4TCQ8kfJo","content-type":"application/json","user-agent":"PostmanRuntime/7.41.2","accept":"*/*","postman-token":"865bcba8-4940-4375-aee3-7fc67dd9b3c0","host":"localhost:3000","accept-encoding":"gzip, deflate, br","connection":"keep-alive","content-length":"47"}
        Body: undefined
        Query: {}

        Time: 2024-08-28T15:02:57.700Z
        Method: POST
        URL: /api/login
        Headers: {"authenticater":"","authorization":"","content-type":"application/json","user-agent":"PostmanRuntime/7.41.2","accept":"*/*","postman-token":"8ff1822d-8851-4153-b172-936c382dfcb7","host":"localhost:3000","accept-encoding":"gzip, deflate, br","connection":"keep-alive","content-length":"67"}
        Body: undefined
        Query: {}
    

        Time: 2024-08-28T15:03:18.939Z
        Method: POST
        URL: /api/login
        Headers: {"authenticater":"","authorization":"","content-type":"application/json","user-agent":"PostmanRuntime/7.41.2","accept":"*/*","postman-token":"3f794560-6f0c-4679-beb3-1411b2f35c54","host":"localhost:3000","accept-encoding":"gzip, deflate, br","connection":"keep-alive","content-length":"67"}
        Body: undefined
        Query: {}
    

        Time: 2024-08-28T15:03:22.082Z
        Method: POST
        URL: /api/login
        Headers: {"authenticater":"","authorization":"","content-type":"application/json","user-agent":"PostmanRuntime/7.41.2","accept":"*/*","postman-token":"b6f6bebc-5bb4-4812-8c2d-aeb3990067e1","host":"localhost:3000","accept-encoding":"gzip, deflate, br","connection":"keep-alive","content-length":"67"}
        Body: undefined
        Query: {}
    

        Time: 2024-08-28T15:03:23.232Z
        Method: POST
        URL: /api/login
        Headers: {"authenticater":"","authorization":"","content-type":"application/json","user-agent":"PostmanRuntime/7.41.2","accept":"*/*","postman-token":"6c80229b-d1ee-439c-a128-0df7dbe377d3","host":"localhost:3000","accept-encoding":"gzip, deflate, br","connection":"keep-alive","content-length":"67"}
        Body: undefined
        Query: {}
    

        Time: 2024-08-28T15:03:24.301Z
        Method: POST
        URL: /api/login
        Headers: {"authenticater":"","authorization":"","content-type":"application/json","user-agent":"PostmanRuntime/7.41.2","accept":"*/*","postman-token":"0174535e-86c2-43e3-a108-75d0e44e5989","host":"localhost:3000","accept-encoding":"gzip, deflate, br","connection":"keep-alive","content-length":"67"}
        Body: undefined
        Query: {}
    

        Time: 2024-08-28T15:03:25.631Z
        Method: POST
        URL: /api/login
        Headers: {"authenticater":"","authorization":"","content-type":"application/json","user-agent":"PostmanRuntime/7.41.2","accept":"*/*","postman-token":"34d95d9c-0cc2-4603-8361-3a5a5e6394dd","host":"localhost:3000","accept-encoding":"gzip, deflate, br","connection":"keep-alive","content-length":"67"}
        Body: undefined
        Query: {}
    

        Time: 2024-08-28T15:03:30.581Z
        Method: POST
        URL: /api/login
        Headers: {"authenticater":"","authorization":"","content-type":"application/json","user-agent":"PostmanRuntime/7.41.2","accept":"*/*","postman-token":"149a9f53-9d97-4e53-95bc-b606e457e6f8","host":"localhost:3000","accept-encoding":"gzip, deflate, br","connection":"keep-alive","content-length":"66"}
        Body: undefined
        Query: {}
    

        Time: 2024-08-28T15:04:24.937Z
        Method: POST
        URL: /api/login
        Headers: {"authenticater":"","authorization":"","content-type":"application/json","user-agent":"PostmanRuntime/7.41.2","accept":"*/*","postman-token":"0df7131c-a958-4edd-9153-93ce03a6ec5d","host":"localhost:3000","accept-encoding":"gzip, deflate, br","connection":"keep-alive","content-length":"66"}
        Body: undefined
        Query: {}
    

        Time: 2025-01-19T02:42:56.425Z
        Method: POST
        URL: /api/crud/users
        Headers: {"content-type":"application/json","user-agent":"PostmanRuntime/7.43.0","accept":"*/*","postman-token":"7dc114c4-e167-439a-8b2d-1c0ac99a6b75","host":"localhost:3000","accept-encoding":"gzip, deflate, br","connection":"keep-alive","content-length":"479"}
        Body: undefined
        Query: {}
    

        Time: 2025-01-19T02:43:44.247Z
        Method: POST
        URL: /api/crud/users
        Headers: {"content-type":"application/json","user-agent":"PostmanRuntime/7.43.0","accept":"*/*","postman-token":"c72d6675-a4c5-48eb-8da4-0bd78eb353a6","host":"localhost:3000","accept-encoding":"gzip, deflate, br","connection":"keep-alive","content-length":"479"}
        Body: undefined
        Query: {}
    

        Time: 2025-01-19T02:43:51.372Z
        Method: POST
        URL: /api/crud/users
        Headers: {"content-type":"application/json","user-agent":"PostmanRuntime/7.43.0","accept":"*/*","postman-token":"1fceb7cf-1c53-40b0-952a-d73804753282","host":"localhost:3000","accept-encoding":"gzip, deflate, br","connection":"keep-alive","content-length":"479"}
        Body: undefined
        Query: {}
    

        Time: 2025-01-19T02:44:43.701Z
        Method: POST
        URL: /api/crud/users
        Headers: {"content-type":"application/json","user-agent":"PostmanRuntime/7.43.0","accept":"*/*","postman-token":"0b38e502-a0c5-40b8-bcd9-c66de0d31cab","host":"localhost:3000","accept-encoding":"gzip, deflate, br","connection":"keep-alive","content-length":"479"}
        Body: undefined
        Query: {}
    

        Time: 2025-01-19T02:46:11.541Z
        Method: POST
        URL: /api/crud/users
        Headers: {"content-type":"application/json","user-agent":"PostmanRuntime/7.43.0","accept":"*/*","postman-token":"686910cf-9730-4eb7-8d92-21b077f303c7","host":"localhost:3000","accept-encoding":"gzip, deflate, br","connection":"keep-alive","content-length":"479"}
        Body: undefined
        Query: {}
    

        Time: 2025-01-19T02:46:49.790Z
        Method: POST
        URL: /api/crud/users
        Headers: {"content-type":"application/json","user-agent":"PostmanRuntime/7.43.0","accept":"*/*","postman-token":"5cb4abd4-bb66-4a66-bf8c-c2929734ce76","host":"localhost:3000","accept-encoding":"gzip, deflate, br","connection":"keep-alive","content-length":"479"}
        Body: undefined
        Query: {}
    

        Time: 2025-01-19T02:47:01.441Z
        Method: POST
        URL: /api/crud/users
        Headers: {"content-type":"application/json","user-agent":"PostmanRuntime/7.43.0","accept":"*/*","postman-token":"52133d3d-7c42-4bdc-8720-65b5a1c76e57","host":"localhost:3000","accept-encoding":"gzip, deflate, br","connection":"keep-alive","content-length":"479"}
        Body: undefined
        Query: {}
    

        Time: 2025-01-19T02:47:08.668Z
        Method: POST
        URL: /api/crud/users
        Headers: {"content-type":"application/json","user-agent":"PostmanRuntime/7.43.0","accept":"*/*","postman-token":"b6ba0c15-1ab2-4f66-8bfd-5cbe19e51eab","host":"localhost:3000","accept-encoding":"gzip, deflate, br","connection":"keep-alive","content-length":"479"}
        Body: undefined
        Query: {}
    

        Time: 2025-01-19T02:47:34.301Z
        Method: POST
        URL: /api/crud/users
        Headers: {"content-type":"application/json","user-agent":"PostmanRuntime/7.43.0","accept":"*/*","postman-token":"4a9ea85a-b72e-4de9-b2db-450be3592d3b","host":"localhost:3000","accept-encoding":"gzip, deflate, br","connection":"keep-alive","content-length":"479"}
        Body: undefined
        Query: {}
    

        Time: 2025-01-19T02:50:54.251Z
        Method: POST
        URL: /api/crud/users
        Headers: {"content-type":"application/json","user-agent":"PostmanRuntime/7.43.0","accept":"*/*","postman-token":"59647f7e-083a-4ed0-8ac6-cb71658b9501","host":"localhost:3000","accept-encoding":"gzip, deflate, br","connection":"keep-alive","content-length":"479"}
        Body: undefined
        Query: {}
    

        Time: 2025-01-19T02:52:24.019Z
        Method: POST
        URL: /api/crud/users
        Headers: {"content-type":"application/json","user-agent":"PostmanRuntime/7.43.0","accept":"*/*","postman-token":"f9ad5063-a62f-4786-9a46-10d1e05c4ad9","host":"localhost:3000","accept-encoding":"gzip, deflate, br","connection":"keep-alive","content-length":"479"}
        Body: undefined
        Query: {}
    

        Time: 2025-01-19T02:53:38.464Z
        Method: GET
        URL: /api/crud/users
        Headers: {"content-type":"application/json","user-agent":"PostmanRuntime/7.43.0","accept":"*/*","postman-token":"4ca06afa-89e1-4a82-b86e-8836db39ee27","host":"localhost:3000","accept-encoding":"gzip, deflate, br","connection":"keep-alive","content-length":"479"}
        Body: undefined
        Query: {}
    

        Time: 2025-01-19T02:54:08.755Z
        Method: GET
        URL: /api/crud/users
        Headers: {"content-type":"application/json","user-agent":"PostmanRuntime/7.43.0","accept":"*/*","postman-token":"c7b20465-cb4f-425b-8f25-d30873b44cca","host":"localhost:3000","accept-encoding":"gzip, deflate, br","connection":"keep-alive","content-length":"479"}
        Body: undefined
        Query: {}
    

        Time: 2025-01-19T02:54:27.947Z
        Method: GET
        URL: /api/crud/users
        Headers: {"content-type":"application/json","user-agent":"PostmanRuntime/7.43.0","accept":"*/*","postman-token":"00e984a0-6c9e-45fa-8460-b86fa69475e3","host":"localhost:3000","accept-encoding":"gzip, deflate, br","connection":"keep-alive","content-length":"479"}
        Body: undefined
        Query: {}
    

        Time: 2025-01-19T02:56:03.499Z
        Method: GET
        URL: /api/crud/users
        Headers: {"content-type":"application/json","user-agent":"PostmanRuntime/7.43.0","accept":"*/*","postman-token":"ac6e1391-6756-4489-aedf-693b0481e2db","host":"localhost:3000","accept-encoding":"gzip, deflate, br","connection":"keep-alive","content-length":"479"}
        Body: undefined
        Query: {}
    

        Time: 2025-01-19T02:56:36.314Z
        Method: POST
        URL: /api/crud/users
        Headers: {"content-type":"application/json","user-agent":"PostmanRuntime/7.43.0","accept":"*/*","postman-token":"2a984e76-b863-43c8-98e5-3da9086c77dd","host":"localhost:3000","accept-encoding":"gzip, deflate, br","connection":"keep-alive","content-length":"479"}
        Body: undefined
        Query: {}
    

        Time: 2025-01-19T02:56:41.264Z
        Method: GET
        URL: /api/crud/users
        Headers: {"user-agent":"PostmanRuntime/7.43.0","accept":"*/*","postman-token":"377f3188-024a-42e4-8213-9e1f81d4655e","host":"localhost:3000","accept-encoding":"gzip, deflate, br","connection":"keep-alive"}
        Body: undefined
        Query: {}
    

        Time: 2025-01-19T02:57:26.259Z
        Method: GET
        URL: /api/crud
        Headers: {"content-type":"application/json","user-agent":"PostmanRuntime/7.43.0","accept":"*/*","postman-token":"ddde3337-7732-46ab-b7e2-400bec3d4765","host":"localhost:3000","accept-encoding":"gzip, deflate, br","connection":"keep-alive","content-length":"26"}
        Body: undefined
        Query: {}
    

        Time: 2025-01-19T02:59:11.339Z
        Method: GET
        URL: /api/crud
        Headers: {"content-type":"application/json","user-agent":"PostmanRuntime/7.43.0","accept":"*/*","postman-token":"8a7569ad-1a77-4134-b4b6-cd949f66bb71","host":"localhost:3000","accept-encoding":"gzip, deflate, br","connection":"keep-alive","content-length":"26"}
        Body: undefined
        Query: {}
    

        Time: 2025-01-19T02:59:32.777Z
        Method: GET
        URL: /api/crud
        Headers: {"content-type":"application/json","user-agent":"PostmanRuntime/7.43.0","accept":"*/*","postman-token":"5864f4ba-30e7-4592-9884-6412852ffb98","host":"localhost:3000","accept-encoding":"gzip, deflate, br","connection":"keep-alive","content-length":"26"}
        Body: undefined
        Query: {}
    

        Time: 2025-01-19T02:59:46.613Z
        Method: GET
        URL: /api/crud/users
        Headers: {"content-type":"application/json","user-agent":"PostmanRuntime/7.43.0","accept":"*/*","postman-token":"70275f5c-5592-4758-8ee4-fc2737898c01","host":"localhost:3000","accept-encoding":"gzip, deflate, br","connection":"keep-alive","content-length":"26"}
        Body: undefined
        Query: {}
    

        Time: 2025-01-19T02:59:52.030Z
        Method: GET
        URL: /api/crud/users
        Headers: {"content-type":"application/json","user-agent":"PostmanRuntime/7.43.0","accept":"*/*","postman-token":"20843ccd-30df-42be-a9ac-17cb1ad4ad16","host":"localhost:3000","accept-encoding":"gzip, deflate, br","connection":"keep-alive","content-length":"26"}
        Body: undefined
        Query: {}
    

        Time: 2025-01-19T03:01:50.456Z
        Method: GET
        URL: /api/crud/users
        Headers: {"user-agent":"PostmanRuntime/7.43.0","accept":"*/*","postman-token":"3a2cec96-7f1d-481e-9789-b62e3ff2f84f","host":"localhost:3000","accept-encoding":"gzip, deflate, br","connection":"keep-alive"}
        Body: undefined
        Query: {}
    

        Time: 2025-01-19T03:01:58.902Z
        Method: GET
        URL: /api/crud/users
        Headers: {"user-agent":"PostmanRuntime/7.43.0","accept":"*/*","postman-token":"ad266232-6d85-4e9f-83ad-ee5c77ab0f67","host":"localhost:3000","accept-encoding":"gzip, deflate, br","connection":"keep-alive"}
        Body: undefined
        Query: {}
    

        Time: 2025-01-19T03:02:34.503Z
        Method: GET
        URL: /api/crud/users
        Headers: {"user-agent":"PostmanRuntime/7.43.0","accept":"*/*","postman-token":"a179ad5a-9285-4b92-9b83-795bbfb07a02","host":"localhost:3000","accept-encoding":"gzip, deflate, br","connection":"keep-alive"}
        Body: undefined
        Query: {}
    
